# JRE version: Java(TM) SE Runtime Environment 18.9 (11.0.8+10) (build 11.0.8+10-LTS)
# Java VM: Java HotSpot(TM) 64-Bit Server VM 18.9 (11.0.8+10-LTS, mixed mode, tiered, compressed oops, g1 gc, windows-amd64)
Heap:
 garbage-first heap   total 262144K, used 170578K [0x0000000700a00000, 0x0000000800000000)
  region size 1024K, 158 young (161792K), 10 survivors (10240K)
 Metaspace       used 32804K, capacity 33512K, committed 33712K, reserved 1079296K
  class space    used 3495K, capacity 3794K, committed 3840K, reserved 1048576K
GC Heap History (7 events):
Event: 0.382 GC heap before
{Heap before GC invocations=0 (full 0):
 garbage-first heap   total 262144K, used 23552K [0x0000000700a00000, 0x0000000800000000)
  region size 1024K, 24 young (24576K), 0 survivors (0K)
 Metaspace       used 12505K, capacity 12661K, committed 12928K, reserved 1060864K
  class space    used 1267K, capacity 1348K, committed 1408K, reserved 1048576K
}
Event: 0.384 GC heap after
{Heap after GC invocations=1 (full 0):
 garbage-first heap   total 262144K, used 3548K [0x0000000700a00000, 0x0000000800000000)
  region size 1024K, 3 young (3072K), 3 survivors (3072K)
 Metaspace       used 12505K, capacity 12661K, committed 12928K, reserved 1060864K
  class space    used 1267K, capacity 1348K, committed 1408K, reserved 1048576K
}
Event: 1.281 GC heap before
{Heap before GC invocations=1 (full 0):
 garbage-first heap   total 262144K, used 92636K [0x0000000700a00000, 0x0000000800000000)
  region size 1024K, 91 young (93184K), 3 survivors (3072K)
 Metaspace       used 20819K, capacity 21112K, committed 21296K, reserved 1069056K
  class space    used 2189K, capacity 2315K, committed 2432K, reserved 1048576K
}
Event: 1.289 GC heap after
{Heap after GC invocations=2 (full 0):
 garbage-first heap   total 262144K, used 11031K [0x0000000700a00000, 0x0000000800000000)
  region size 1024K, 11 young (11264K), 11 survivors (11264K)
 Metaspace       used 20819K, capacity 21112K, committed 21296K, reserved 1069056K
  class space    used 2189K, capacity 2315K, committed 2432K, reserved 1048576K
}
Event: 1.873 GC heap before
{Heap before GC invocations=3 (full 0):
 garbage-first heap   total 262144K, used 103191K [0x0000000700a00000, 0x0000000800000000)
  region size 1024K, 101 young (103424K), 11 survivors (11264K)
 Metaspace       used 24831K, capacity 25387K, committed 25520K, reserved 1073152K
  class space    used 2580K, capacity 2784K, committed 2816K, reserved 1048576K
}
Event: 1.880 GC heap after
{Heap after GC invocations=4 (full 0):
 garbage-first heap   total 262144K, used 15954K [0x0000000700a00000, 0x0000000800000000)
  region size 1024K, 5 young (5120K), 5 survivors (5120K)
 Metaspace       used 24831K, capacity 25387K, committed 25520K, reserved 1073152K
  class space    used 2580K, capacity 2784K, committed 2816K, reserved 1048576K
}
Event: 2.548 GC heap before
{Heap before GC invocations=4 (full 0):
 garbage-first heap   total 262144K, used 169554K [0x0000000700a00000, 0x0000000800000000)
  region size 1024K, 153 young (156672K), 5 survivors (5120K)
 Metaspace       used 32804K, capacity 33512K, committed 33712K, reserved 1079296K
  class space    used 3495K, capacity 3794K, committed 3840K, reserved 1048576K
}

